<?xml version="1.0" encoding="UTF-8"?>
<testng-results skipped="0" failed="0" total="1" passed="1">
  <reporter-output>
  </reporter-output>
  <suite name="Default suite" duration-ms="5468" started-at="2020-11-28T14:30:21Z" finished-at="2020-11-28T14:30:27Z">
    <groups>
    </groups>
    <test name="Default test" duration-ms="5468" started-at="2020-11-28T14:30:21Z" finished-at="2020-11-28T14:30:27Z">
      <class name="demo.GetRequestUsingRestAssured">
        <test-method status="PASS" signature="getUser()[pri:0, instance:demo.GetRequestUsingRestAssured@2aafb23c]" name="getUser" duration-ms="5440" started-at="2020-11-28T20:00:21Z" finished-at="2020-11-28T20:00:27Z">
          <reporter-output>
          </reporter-output>
        </test-method> <!-- getUser -->
      </class> <!-- demo.GetRequestUsingRestAssured -->
    </test> <!-- Default test -->
  </suite> <!-- Default suite -->
</testng-results>
